<?xml version="1.0" encoding="UTF-8"?>
<!-- Generated by org.testng.reporters.JUnitXMLReporter -->
<testsuite ignored="0" hostname="OJPTS" failures="1" tests="11" name="Free CRM App Test Data" time="439.551" errors="0" timestamp="2023-01-20T15:50:50 IST">
  <testcase classname="com.qa.crm.testCases.LoginPageTest" name="loginPageTitleTest" time="0.142"/>
  <testcase classname="com.qa.crm.testCases.LoginPageTest" name="loginTest" time="45.696"/>
  <testcase classname="com.qa.crm.testCases.HomePageTest" name="verifyHomePageTitleTest" time="0.016"/>
  <testcase classname="com.qa.crm.testCases.HomePageTest" name="verifyCorrectUserNameTest" time="2.467"/>
  <testcase classname="com.qa.crm.testCases.HomePageTest" name="clickOnContactsLinkTest" time="5.945"/>
  <testcase classname="com.qa.crm.testCases.HomePageTest" name="clickOnDealsLinkTest" time="4.398"/>
  <testcase classname="com.qa.crm.testCases.HomePageTest" name="clickOnNewContactsLinkTest" time="6.468"/>
  <testcase classname="com.qa.crm.testCases.HomePageTest" name="clickOnTasksLinkTest" time="3.415"/>
  <testcase classname="com.qa.crm.testCases.ContactsPageTest" name="verifyContactsLabelTest" time="0.068"/>
  <testcase classname="com.qa.crm.testCases.ContactsPageTest" name="SelectContactTest" time="0.277"/>
  <testcase classname="com.qa.crm.testCases.ContactsPageTest" name="validateCreateNewContacts" time="0.0">
    <failure type="java.lang.RuntimeException" message="java.lang.NullPointerException: Cannot invoke &amp;quot;java.io.InputStream.markSupported()&amp;quot; because &amp;quot;stream&amp;quot; is null">
      <![CDATA[java.lang.RuntimeException: java.lang.NullPointerException: Cannot invoke "java.io.InputStream.markSupported()" because "stream" is null
at java.base/java.util.ArrayList.forEach(ArrayList.java:1511)
Caused by: java.lang.NullPointerException: Cannot invoke "java.io.InputStream.markSupported()" because "stream" is null
at org.apache.poi.poifs.filesystem.FileMagic.prepareToCheckMagic(FileMagic.java:222)
at org.apache.poi.ss.usermodel.WorkbookFactory.create(WorkbookFactory.java:214)
at org.apache.poi.ss.usermodel.WorkbookFactory.create(WorkbookFactory.java:185)
at com.crm.qa.util.TestUtil.getTestData(TestUtil.java:37)
at com.qa.crm.testCases.ContactsPageTest.getTestData(ContactsPageTest.java:58)
... 25 more
... Removed 32 stack frames]]>
    </failure>
  </testcase> <!-- validateCreateNewContacts -->
</testsuite> <!-- Free CRM App Test Data -->
