<?xml version="1.0" encoding="UTF-8"?>
<testng-results ignored="0" total="11" passed="10" failed="1" skipped="0">
  <reporter-output>
  </reporter-output>
  <suite started-at="2023-01-20T15:43:31 IST" name="FREE CRM Application Test Automation Test Suite" finished-at="2023-01-20T15:50:50 IST" duration-ms="439551">
    <groups>
    </groups>
    <test started-at="2023-01-20T15:43:31 IST" name="Free CRM App Test Data" finished-at="2023-01-20T15:50:50 IST" duration-ms="439551">
      <class name="com.qa.crm.testCases.HomePageTest">
        <test-method is-config="true" signature="setup()[pri:0, instance:com.qa.crm.testCases.HomePageTest@5d0bf09b]" started-at="2023-01-20T15:45:35 IST" name="setup" finished-at="2023-01-20T15:46:12 IST" duration-ms="36792" status="PASS">
          <reporter-output>
          </reporter-output>
        </test-method> <!-- setup -->
        <test-method signature="verifyHomePageTitleTest()[pri:1, instance:com.qa.crm.testCases.HomePageTest@5d0bf09b]" started-at="2023-01-20T15:46:12 IST" name="verifyHomePageTitleTest" finished-at="2023-01-20T15:46:12 IST" duration-ms="16" status="PASS">
          <reporter-output>
          </reporter-output>
        </test-method> <!-- verifyHomePageTitleTest -->
        <test-method is-config="true" signature="tearDown()[pri:0, instance:com.qa.crm.testCases.HomePageTest@5d0bf09b]" started-at="2023-01-20T15:46:12 IST" name="tearDown" finished-at="2023-01-20T15:46:13 IST" duration-ms="1340" status="PASS">
          <reporter-output>
          </reporter-output>
        </test-method> <!-- tearDown -->
        <test-method is-config="true" signature="setup()[pri:0, instance:com.qa.crm.testCases.HomePageTest@5d0bf09b]" started-at="2023-01-20T15:46:13 IST" name="setup" finished-at="2023-01-20T15:46:42 IST" duration-ms="29309" status="PASS">
          <reporter-output>
          </reporter-output>
        </test-method> <!-- setup -->
        <test-method signature="verifyCorrectUserNameTest()[pri:2, instance:com.qa.crm.testCases.HomePageTest@5d0bf09b]" started-at="2023-01-20T15:46:42 IST" name="verifyCorrectUserNameTest" finished-at="2023-01-20T15:46:45 IST" duration-ms="2467" status="PASS">
          <reporter-output>
          </reporter-output>
        </test-method> <!-- verifyCorrectUserNameTest -->
        <test-method is-config="true" signature="tearDown()[pri:0, instance:com.qa.crm.testCases.HomePageTest@5d0bf09b]" started-at="2023-01-20T15:46:45 IST" name="tearDown" finished-at="2023-01-20T15:46:48 IST" duration-ms="3349" status="PASS">
          <reporter-output>
          </reporter-output>
        </test-method> <!-- tearDown -->
        <test-method is-config="true" signature="setup()[pri:0, instance:com.qa.crm.testCases.HomePageTest@5d0bf09b]" started-at="2023-01-20T15:46:48 IST" name="setup" finished-at="2023-01-20T15:47:28 IST" duration-ms="40047" status="PASS">
          <reporter-output>
          </reporter-output>
        </test-method> <!-- setup -->
        <test-method signature="clickOnContactsLinkTest()[pri:3, instance:com.qa.crm.testCases.HomePageTest@5d0bf09b]" started-at="2023-01-20T15:47:28 IST" name="clickOnContactsLinkTest" finished-at="2023-01-20T15:47:34 IST" duration-ms="5945" status="PASS">
          <reporter-output>
          </reporter-output>
        </test-method> <!-- clickOnContactsLinkTest -->
        <test-method is-config="true" signature="tearDown()[pri:0, instance:com.qa.crm.testCases.HomePageTest@5d0bf09b]" started-at="2023-01-20T15:47:34 IST" name="tearDown" finished-at="2023-01-20T15:47:36 IST" duration-ms="1656" status="PASS">
          <reporter-output>
          </reporter-output>
        </test-method> <!-- tearDown -->
        <test-method is-config="true" signature="setup()[pri:0, instance:com.qa.crm.testCases.HomePageTest@5d0bf09b]" started-at="2023-01-20T15:47:36 IST" name="setup" finished-at="2023-01-20T15:48:11 IST" duration-ms="34771" status="PASS">
          <reporter-output>
          </reporter-output>
        </test-method> <!-- setup -->
        <test-method signature="clickOnDealsLinkTest()[pri:4, instance:com.qa.crm.testCases.HomePageTest@5d0bf09b]" started-at="2023-01-20T15:48:11 IST" name="clickOnDealsLinkTest" finished-at="2023-01-20T15:48:15 IST" duration-ms="4398" status="PASS">
          <reporter-output>
          </reporter-output>
        </test-method> <!-- clickOnDealsLinkTest -->
        <test-method is-config="true" signature="tearDown()[pri:0, instance:com.qa.crm.testCases.HomePageTest@5d0bf09b]" started-at="2023-01-20T15:48:15 IST" name="tearDown" finished-at="2023-01-20T15:48:16 IST" duration-ms="1160" status="PASS">
          <reporter-output>
          </reporter-output>
        </test-method> <!-- tearDown -->
        <test-method is-config="true" signature="setup()[pri:0, instance:com.qa.crm.testCases.HomePageTest@5d0bf09b]" started-at="2023-01-20T15:48:16 IST" name="setup" finished-at="2023-01-20T15:48:44 IST" duration-ms="27803" status="PASS">
          <reporter-output>
          </reporter-output>
        </test-method> <!-- setup -->
        <test-method signature="clickOnNewContactsLinkTest()[pri:5, instance:com.qa.crm.testCases.HomePageTest@5d0bf09b]" started-at="2023-01-20T15:48:44 IST" name="clickOnNewContactsLinkTest" finished-at="2023-01-20T15:48:51 IST" duration-ms="6468" status="PASS">
          <reporter-output>
          </reporter-output>
        </test-method> <!-- clickOnNewContactsLinkTest -->
        <test-method is-config="true" signature="tearDown()[pri:0, instance:com.qa.crm.testCases.HomePageTest@5d0bf09b]" started-at="2023-01-20T15:48:51 IST" name="tearDown" finished-at="2023-01-20T15:48:51 IST" duration-ms="744" status="PASS">
          <reporter-output>
          </reporter-output>
        </test-method> <!-- tearDown -->
        <test-method is-config="true" signature="setup()[pri:0, instance:com.qa.crm.testCases.HomePageTest@5d0bf09b]" started-at="2023-01-20T15:48:51 IST" name="setup" finished-at="2023-01-20T15:49:20 IST" duration-ms="28639" status="PASS">
          <reporter-output>
          </reporter-output>
        </test-method> <!-- setup -->
        <test-method signature="clickOnTasksLinkTest()[pri:5, instance:com.qa.crm.testCases.HomePageTest@5d0bf09b]" started-at="2023-01-20T15:49:20 IST" name="clickOnTasksLinkTest" finished-at="2023-01-20T15:49:23 IST" duration-ms="3415" status="PASS">
          <reporter-output>
          </reporter-output>
        </test-method> <!-- clickOnTasksLinkTest -->
        <test-method is-config="true" signature="tearDown()[pri:0, instance:com.qa.crm.testCases.HomePageTest@5d0bf09b]" started-at="2023-01-20T15:49:23 IST" name="tearDown" finished-at="2023-01-20T15:49:25 IST" duration-ms="1200" status="PASS">
          <reporter-output>
          </reporter-output>
        </test-method> <!-- tearDown -->
      </class> <!-- com.qa.crm.testCases.HomePageTest -->
      <class name="com.qa.crm.testCases.ContactsPageTest">
        <test-method is-config="true" signature="setup()[pri:0, instance:com.qa.crm.testCases.ContactsPageTest@793f29ff]" started-at="2023-01-20T15:49:25 IST" name="setup" finished-at="2023-01-20T15:50:07 IST" duration-ms="42216" status="PASS">
          <reporter-output>
          </reporter-output>
        </test-method> <!-- setup -->
        <test-method signature="verifyContactsLabelTest()[pri:0, instance:com.qa.crm.testCases.ContactsPageTest@793f29ff]" started-at="2023-01-20T15:50:07 IST" name="verifyContactsLabelTest" finished-at="2023-01-20T15:50:07 IST" duration-ms="68" status="PASS">
          <reporter-output>
          </reporter-output>
        </test-method> <!-- verifyContactsLabelTest -->
        <test-method is-config="true" signature="tearDown()[pri:0, instance:com.qa.crm.testCases.ContactsPageTest@793f29ff]" started-at="2023-01-20T15:50:07 IST" name="tearDown" finished-at="2023-01-20T15:50:09 IST" duration-ms="2007" status="PASS">
          <reporter-output>
          </reporter-output>
        </test-method> <!-- tearDown -->
        <test-method is-config="true" signature="setup()[pri:0, instance:com.qa.crm.testCases.ContactsPageTest@793f29ff]" started-at="2023-01-20T15:50:09 IST" name="setup" finished-at="2023-01-20T15:50:49 IST" duration-ms="39892" status="PASS">
          <reporter-output>
          </reporter-output>
        </test-method> <!-- setup -->
        <test-method signature="SelectContactTest()[pri:2, instance:com.qa.crm.testCases.ContactsPageTest@793f29ff]" started-at="2023-01-20T15:50:49 IST" name="SelectContactTest" finished-at="2023-01-20T15:50:49 IST" duration-ms="277" status="PASS">
          <reporter-output>
          </reporter-output>
        </test-method> <!-- SelectContactTest -->
        <test-method is-config="true" signature="tearDown()[pri:0, instance:com.qa.crm.testCases.ContactsPageTest@793f29ff]" started-at="2023-01-20T15:50:49 IST" name="tearDown" finished-at="2023-01-20T15:50:50 IST" duration-ms="726" status="PASS">
          <reporter-output>
          </reporter-output>
        </test-method> <!-- tearDown -->
        <test-method signature="validateCreateNewContacts(java.lang.String,java.lang.String,java.lang.String,java.lang.String)[pri:3, instance:com.qa.crm.testCases.ContactsPageTest@793f29ff]" started-at="2023-01-20T15:50:50 IST" name="validateCreateNewContacts" data-provider="getTestData" finished-at="2023-01-20T15:50:50 IST" duration-ms="0" status="FAIL">
          <exception class="java.lang.RuntimeException">
            <message>
              <![CDATA[java.lang.NullPointerException: Cannot invoke "java.io.InputStream.markSupported()" because "stream" is null]]>
            </message>
            <full-stacktrace>
              <![CDATA[java.lang.RuntimeException: java.lang.NullPointerException: Cannot invoke "java.io.InputStream.markSupported()" because "stream" is null
at org.testng.internal.invokers.MethodInvocationHelper.invokeMethodNoCheckedException(MethodInvocationHelper.java:57)
at org.testng.internal.invokers.MethodInvocationHelper.invokeDataProvider(MethodInvocationHelper.java:157)
at org.testng.internal.Parameters.handleParameters(Parameters.java:791)
at org.testng.internal.Parameters.handleParameters(Parameters.java:728)
at org.testng.internal.invokers.ParameterHandler.handleParameters(ParameterHandler.java:72)
at org.testng.internal.invokers.ParameterHandler.createParameters(ParameterHandler.java:51)
at org.testng.internal.invokers.TestInvoker$MethodInvocationAgent.invoke(TestInvoker.java:917)
at org.testng.internal.invokers.TestInvoker.invokeTestMethods(TestInvoker.java:194)
at org.testng.internal.invokers.TestMethodWorker.invokeTestMethods(TestMethodWorker.java:148)
at org.testng.internal.invokers.TestMethodWorker.run(TestMethodWorker.java:128)
at java.base/java.util.ArrayList.forEach(ArrayList.java:1511)
at org.testng.TestRunner.privateRun(TestRunner.java:806)
at org.testng.TestRunner.run(TestRunner.java:601)
at org.testng.SuiteRunner.runTest(SuiteRunner.java:433)
at org.testng.SuiteRunner.runSequentially(SuiteRunner.java:427)
at org.testng.SuiteRunner.privateRun(SuiteRunner.java:387)
at org.testng.SuiteRunner.run(SuiteRunner.java:330)
at org.testng.SuiteRunnerWorker.runSuite(SuiteRunnerWorker.java:52)
at org.testng.SuiteRunnerWorker.run(SuiteRunnerWorker.java:95)
at org.testng.TestNG.runSuitesSequentially(TestNG.java:1256)
at org.testng.TestNG.runSuitesLocally(TestNG.java:1176)
at org.testng.TestNG.runSuites(TestNG.java:1099)
at org.testng.TestNG.run(TestNG.java:1067)
at org.testng.remote.AbstractRemoteTestNG.run(AbstractRemoteTestNG.java:115)
at org.testng.remote.RemoteTestNG.initAndRun(RemoteTestNG.java:251)
at org.testng.remote.RemoteTestNG.main(RemoteTestNG.java:77)
Caused by: java.lang.NullPointerException: Cannot invoke "java.io.InputStream.markSupported()" because "stream" is null
at org.apache.poi.poifs.filesystem.FileMagic.prepareToCheckMagic(FileMagic.java:222)
at org.apache.poi.ss.usermodel.WorkbookFactory.create(WorkbookFactory.java:214)
at org.apache.poi.ss.usermodel.WorkbookFactory.create(WorkbookFactory.java:185)
at com.crm.qa.util.TestUtil.getTestData(TestUtil.java:37)
at com.qa.crm.testCases.ContactsPageTest.getTestData(ContactsPageTest.java:58)
at java.base/jdk.internal.reflect.NativeMethodAccessorImpl.invoke0(Native Method)
at java.base/jdk.internal.reflect.NativeMethodAccessorImpl.invoke(NativeMethodAccessorImpl.java:77)
at java.base/jdk.internal.reflect.DelegatingMethodAccessorImpl.invoke(DelegatingMethodAccessorImpl.java:43)
at java.base/java.lang.reflect.Method.invoke(Method.java:568)
at org.testng.internal.invokers.MethodInvocationHelper.invokeMethod(MethodInvocationHelper.java:139)
at org.testng.internal.invokers.MethodInvocationHelper.invokeMethod(MethodInvocationHelper.java:84)
at org.testng.internal.invokers.MethodInvocationHelper.invokeMethodNoCheckedException(MethodInvocationHelper.java:53)
... 25 more
]]>
            </full-stacktrace>
          </exception> <!-- java.lang.RuntimeException -->
          <reporter-output>
          </reporter-output>
        </test-method> <!-- validateCreateNewContacts -->
      </class> <!-- com.qa.crm.testCases.ContactsPageTest -->
      <class name="com.qa.crm.testCases.LoginPageTest">
        <test-method is-config="true" signature="Setup()[pri:0, instance:com.qa.crm.testCases.LoginPageTest@2794eab6]" started-at="2023-01-20T15:43:31 IST" name="Setup" finished-at="2023-01-20T15:44:27 IST" duration-ms="56494" status="PASS">
          <reporter-output>
          </reporter-output>
        </test-method> <!-- Setup -->
        <test-method signature="loginPageTitleTest()[pri:0, instance:com.qa.crm.testCases.LoginPageTest@2794eab6]" started-at="2023-01-20T15:44:27 IST" name="loginPageTitleTest" finished-at="2023-01-20T15:44:27 IST" duration-ms="142" status="PASS">
          <reporter-output>
          </reporter-output>
        </test-method> <!-- loginPageTitleTest -->
        <test-method is-config="true" signature="tearDown()[pri:0, instance:com.qa.crm.testCases.LoginPageTest@2794eab6]" started-at="2023-01-20T15:44:27 IST" name="tearDown" finished-at="2023-01-20T15:44:29 IST" duration-ms="1345" status="PASS">
          <reporter-output>
          </reporter-output>
        </test-method> <!-- tearDown -->
        <test-method is-config="true" signature="Setup()[pri:0, instance:com.qa.crm.testCases.LoginPageTest@2794eab6]" started-at="2023-01-20T15:44:29 IST" name="Setup" finished-at="2023-01-20T15:44:47 IST" duration-ms="18160" status="PASS">
          <reporter-output>
          </reporter-output>
        </test-method> <!-- Setup -->
        <test-method signature="loginTest()[pri:1, instance:com.qa.crm.testCases.LoginPageTest@2794eab6]" started-at="2023-01-20T15:44:47 IST" name="loginTest" finished-at="2023-01-20T15:45:33 IST" duration-ms="45696" status="PASS">
          <reporter-output>
          </reporter-output>
        </test-method> <!-- loginTest -->
        <test-method is-config="true" signature="tearDown()[pri:0, instance:com.qa.crm.testCases.LoginPageTest@2794eab6]" started-at="2023-01-20T15:45:33 IST" name="tearDown" finished-at="2023-01-20T15:45:35 IST" duration-ms="2497" status="PASS">
          <reporter-output>
          </reporter-output>
        </test-method> <!-- tearDown -->
      </class> <!-- com.qa.crm.testCases.LoginPageTest -->
    </test> <!-- Free CRM App Test Data -->
  </suite> <!-- FREE CRM Application Test Automation Test Suite -->
</testng-results>
